# JRE version: Java(TM) SE Runtime Environment (8.0_45-b14) (build 1.8.0_45-b14)
# Java VM: Java HotSpot(TM) 64-Bit Server VM (25.45-b02 mixed mode bsd-amd64 compressed oops)
Heap:
 PSYoungGen      total 111104K, used 83078K [0x00000007aab00000, 0x00000007b2c80000, 0x00000007c0000000)
  eden space 109056K, 75% used [0x00000007aab00000,0x00000007afb5c538,0x00000007b1580000)
  from space 2048K, 38% used [0x00000007b1580000,0x00000007b16453f0,0x00000007b1780000)
  to   space 2048K, 0% used [0x00000007b2a80000,0x00000007b2a80000,0x00000007b2c80000)
 ParOldGen       total 136192K, used 44709K [0x0000000780000000, 0x0000000788500000, 0x00000007aab00000)
  object space 136192K, 32% used [0x0000000780000000,0x0000000782ba94e8,0x0000000788500000)
 Metaspace       used 10707K, capacity 10833K, committed 11008K, reserved 1058816K
  class space    used 1129K, capacity 1211K, committed 1280K, reserved 1048576K
GC Heap History (10 events):
Event: 3.939 GC heap before
{Heap before GC invocations=18 (full 4):
 PSYoungGen      total 71168K, used 68736K [0x00000007aab00000, 0x00000007b0480000, 0x00000007c0000000)
  eden space 68608K, 100% used [0x00000007aab00000,0x00000007aee00000,0x00000007aee00000)
  from space 2560K, 5% used [0x00000007aee00000,0x00000007aee20000,0x00000007af080000)
  to   space 2048K, 0% used [0x00000007b0280000,0x00000007b0280000,0x00000007b0480000)
 ParOldGen       total 120832K, used 19108K [0x0000000780000000, 0x0000000787600000, 0x00000007aab00000)
  object space 120832K, 15% used [0x0000000780000000,0x00000007812a9320,0x0000000787600000)
 Metaspace       used 10517K, capacity 10705K, committed 11008K, reserved 1058816K
  class space    used 1125K, capacity 1211K, committed 1280K, reserved 1048576K
Event: 3.945 GC heap after
Heap after GC invocations=18 (full 4):
 PSYoungGen      total 89600K, used 428K [0x00000007aab00000, 0x00000007b0480000, 0x00000007c0000000)
  eden space 87552K, 0% used [0x00000007aab00000,0x00000007aab00000,0x00000007b0080000)
  from space 2048K, 20% used [0x00000007b0280000,0x00000007b02eb1a8,0x00000007b0480000)
  to   space 2048K, 0% used [0x00000007b0080000,0x00000007b0080000,0x00000007b0280000)
 ParOldGen       total 120832K, used 48448K [0x0000000780000000, 0x0000000787600000, 0x00000007aab00000)
  object space 120832K, 40% used [0x0000000780000000,0x0000000782f50360,0x0000000787600000)
 Metaspace       used 10517K, capacity 10705K, committed 11008K, reserved 1058816K
  class space    used 1125K, capacity 1211K, committed 1280K, reserved 1048576K
}
Event: 4.243 GC heap before
{Heap before GC invocations=19 (full 4):
 PSYoungGen      total 89600K, used 87980K [0x00000007aab00000, 0x00000007b0480000, 0x00000007c0000000)
  eden space 87552K, 100% used [0x00000007aab00000,0x00000007b0080000,0x00000007b0080000)
  from space 2048K, 20% used [0x00000007b0280000,0x00000007b02eb1a8,0x00000007b0480000)
  to   space 2048K, 0% used [0x00000007b0080000,0x00000007b0080000,0x00000007b0280000)
 ParOldGen       total 120832K, used 48448K [0x0000000780000000, 0x0000000787600000, 0x00000007aab00000)
  object space 120832K, 40% used [0x0000000780000000,0x0000000782f50360,0x0000000787600000)
 Metaspace       used 10519K, capacity 10705K, committed 11008K, reserved 1058816K
  class space    used 1125K, capacity 1211K, committed 1280K, reserved 1048576K
Event: 4.246 GC heap after
Heap after GC invocations=19 (full 4):
 PSYoungGen      total 89600K, used 428K [0x00000007aab00000, 0x00000007b1980000, 0x00000007c0000000)
  eden space 87552K, 0% used [0x00000007aab00000,0x00000007aab00000,0x00000007b0080000)
  from space 2048K, 20% used [0x00000007b0080000,0x00000007b00eb1a8,0x00000007b0280000)
  to   space 2048K, 0% used [0x00000007b1780000,0x00000007b1780000,0x00000007b1980000)
 ParOldGen       total 120832K, used 53204K [0x0000000780000000, 0x0000000787600000, 0x00000007aab00000)
  object space 120832K, 44% used [0x0000000780000000,0x00000007833f5370,0x0000000787600000)
 Metaspace       used 10519K, capacity 10705K, committed 11008K, reserved 1058816K
  class space    used 1125K, capacity 1211K, committed 1280K, reserved 1048576K
}
Event: 4.512 GC heap before
{Heap before GC invocations=20 (full 4):
 PSYoungGen      total 89600K, used 87980K [0x00000007aab00000, 0x00000007b1980000, 0x00000007c0000000)
  eden space 87552K, 100% used [0x00000007aab00000,0x00000007b0080000,0x00000007b0080000)
  from space 2048K, 20% used [0x00000007b0080000,0x00000007b00eb1a8,0x00000007b0280000)
  to   space 2048K, 0% used [0x00000007b1780000,0x00000007b1780000,0x00000007b1980000)
 ParOldGen       total 120832K, used 53204K [0x0000000780000000, 0x0000000787600000, 0x00000007aab00000)
  object space 120832K, 44% used [0x0000000780000000,0x00000007833f5370,0x0000000787600000)
 Metaspace       used 10519K, capacity 10705K, committed 11008K, reserved 1058816K
  class space    used 1125K, capacity 1211K, committed 1280K, reserved 1048576K
Event: 4.517 GC heap after
Heap after GC invocations=20 (full 4):
 PSYoungGen      total 111104K, used 556K [0x00000007aab00000, 0x00000007b1980000, 0x00000007c0000000)
  eden space 109056K, 0% used [0x00000007aab00000,0x00000007aab00000,0x00000007b1580000)
  from space 2048K, 27% used [0x00000007b1780000,0x00000007b180b0e8,0x00000007b1980000)
  to   space 2048K, 0% used [0x00000007b1580000,0x00000007b1580000,0x00000007b1780000)
 ParOldGen       total 120832K, used 82536K [0x0000000780000000, 0x0000000787600000, 0x00000007aab00000)
  object space 120832K, 68% used [0x0000000780000000,0x000000078509a3b0,0x0000000787600000)
 Metaspace       used 10519K, capacity 10705K, committed 11008K, reserved 1058816K
  class space    used 1125K, capacity 1211K, committed 1280K, reserved 1048576K
}
Event: 4.517 GC heap before
{Heap before GC invocations=21 (full 5):
 PSYoungGen      total 111104K, used 556K [0x00000007aab00000, 0x00000007b1980000, 0x00000007c0000000)
  eden space 109056K, 0% used [0x00000007aab00000,0x00000007aab00000,0x00000007b1580000)
  from space 2048K, 27% used [0x00000007b1780000,0x00000007b180b0e8,0x00000007b1980000)
  to   space 2048K, 0% used [0x00000007b1580000,0x00000007b1580000,0x00000007b1780000)
 ParOldGen       total 120832K, used 82536K [0x0000000780000000, 0x0000000787600000, 0x00000007aab00000)
  object space 120832K, 68% used [0x0000000780000000,0x000000078509a3b0,0x0000000787600000)
 Metaspace       used 10519K, capacity 10705K, committed 11008K, reserved 1058816K
  class space    used 1125K, capacity 1211K, committed 1280K, reserved 1048576K
Event: 4.532 GC heap after
Heap after GC invocations=21 (full 5):
 PSYoungGen      total 111104K, used 0K [0x00000007aab00000, 0x00000007b1980000, 0x00000007c0000000)
  eden space 109056K, 0% used [0x00000007aab00000,0x00000007aab00000,0x00000007b1580000)
  from space 2048K, 0% used [0x00000007b1780000,0x00000007b1780000,0x00000007b1980000)
  to   space 2048K, 0% used [0x00000007b1580000,0x00000007b1580000,0x00000007b1780000)
 ParOldGen       total 136192K, used 15377K [0x0000000780000000, 0x0000000788500000, 0x00000007aab00000)
  object space 136192K, 11% used [0x0000000780000000,0x0000000780f044a8,0x0000000788500000)
 Metaspace       used 10519K, capacity 10705K, committed 11008K, reserved 1058816K
  class space    used 1125K, capacity 1211K, committed 1280K, reserved 1048576K
}
Event: 4.845 GC heap before
{Heap before GC invocations=22 (full 5):
 PSYoungGen      total 111104K, used 109056K [0x00000007aab00000, 0x00000007b1980000, 0x00000007c0000000)
  eden space 109056K, 100% used [0x00000007aab00000,0x00000007b1580000,0x00000007b1580000)
  from space 2048K, 0% used [0x00000007b1780000,0x00000007b1780000,0x00000007b1980000)
  to   space 2048K, 0% used [0x00000007b1580000,0x00000007b1580000,0x00000007b1780000)
 ParOldGen       total 136192K, used 15377K [0x0000000780000000, 0x0000000788500000, 0x00000007aab00000)
  object space 136192K, 11% used [0x0000000780000000,0x0000000780f044a8,0x0000000788500000)
 Metaspace       used 10521K, capacity 10705K, committed 11008K, reserved 1058816K
  class space    used 1125K, capacity 1211K, committed 1280K, reserved 1048576K
Event: 4.851 GC heap after
Heap after GC invocations=22 (full 5):
 PSYoungGen      total 111104K, used 788K [0x00000007aab00000, 0x00000007b2c80000, 0x00000007c0000000)
  eden space 109056K, 0% used [0x00000007aab00000,0x00000007aab00000,0x00000007b1580000)
  from space 2048K, 38% used [0x00000007b1580000,0x00000007b16453f0,0x00000007b1780000)
  to   space 2048K, 0% used [0x00000007b2a80000,0x00000007b2a80000,0x00000007b2c80000)
 ParOldGen       total 136192K, used 44709K [0x0000000780000000, 0x0000000788500000, 0x00000007aab00000)
  object space 136192K, 32% used [0x0000000780000000,0x0000000782ba94e8,0x0000000788500000)
 Metaspace       used 10521K, capacity 10705K, committed 11008K, reserved 1058816K
  class space    used 1125K, capacity 1211K, committed 1280K, reserved 1048576K
}

