# JRE version: Java(TM) SE Runtime Environment (8.0_45-b14) (build 1.8.0_45-b14)
# Java VM: Java HotSpot(TM) 64-Bit Server VM (25.45-b02 mixed mode bsd-amd64 compressed oops)
Heap:
 PSYoungGen      total 204288K, used 51025K [0x00000007aab00000, 0x00000007b7c00000, 0x00000007c0000000)
  eden space 203776K, 25% used [0x00000007aab00000,0x00000007adcd4748,0x00000007b7200000)
  from space 512K, 0% used [0x00000007b7b80000,0x00000007b7b80000,0x00000007b7c00000)
  to   space 3584K, 0% used [0x00000007b7500000,0x00000007b7500000,0x00000007b7880000)
 ParOldGen       total 207360K, used 113887K [0x0000000780000000, 0x000000078ca80000, 0x00000007aab00000)
  object space 207360K, 54% used [0x0000000780000000,0x0000000786f37c08,0x000000078ca80000)
 Metaspace       used 11161K, capacity 11313K, committed 11520K, reserved 1058816K
  class space    used 1187K, capacity 1243K, committed 1280K, reserved 1048576K
GC Heap History (10 events):
Event: 3.233 GC heap before
{Heap before GC invocations=7 (full 0):
 PSYoungGen      total 68096K, used 67536K [0x00000007aab00000, 0x00000007af000000, 0x00000007c0000000)
  eden space 65536K, 100% used [0x00000007aab00000,0x00000007aeb00000,0x00000007aeb00000)
  from space 2560K, 78% used [0x00000007aed80000,0x00000007aef74010,0x00000007af000000)
  to   space 2560K, 0% used [0x00000007aeb00000,0x00000007aeb00000,0x00000007aed80000)
 ParOldGen       total 77312K, used 63164K [0x0000000780000000, 0x0000000784b80000, 0x00000007aab00000)
  object space 77312K, 81% used [0x0000000780000000,0x0000000783daf320,0x0000000784b80000)
 Metaspace       used 10848K, capacity 10993K, committed 11264K, reserved 1058816K
  class space    used 1175K, capacity 1243K, committed 1280K, reserved 1048576K
Event: 3.240 GC heap after
Heap after GC invocations=7 (full 0):
 PSYoungGen      total 68096K, used 224K [0x00000007aab00000, 0x00000007b3100000, 0x00000007c0000000)
  eden space 65536K, 0% used [0x00000007aab00000,0x00000007aab00000,0x00000007aeb00000)
  from space 2560K, 8% used [0x00000007aeb00000,0x00000007aeb38000,0x00000007aed80000)
  to   space 3072K, 0% used [0x00000007b2e00000,0x00000007b2e00000,0x00000007b3100000)
 ParOldGen       total 77312K, used 64953K [0x0000000780000000, 0x0000000784b80000, 0x00000007aab00000)
  object space 77312K, 84% used [0x0000000780000000,0x0000000783f6e590,0x0000000784b80000)
 Metaspace       used 10848K, capacity 10993K, committed 11264K, reserved 1058816K
  class space    used 1175K, capacity 1243K, committed 1280K, reserved 1048576K
}
Event: 3.444 GC heap before
{Heap before GC invocations=8 (full 0):
 PSYoungGen      total 68096K, used 65760K [0x00000007aab00000, 0x00000007b3100000, 0x00000007c0000000)
  eden space 65536K, 100% used [0x00000007aab00000,0x00000007aeb00000,0x00000007aeb00000)
  from space 2560K, 8% used [0x00000007aeb00000,0x00000007aeb38000,0x00000007aed80000)
  to   space 3072K, 0% used [0x00000007b2e00000,0x00000007b2e00000,0x00000007b3100000)
 ParOldGen       total 77312K, used 64953K [0x0000000780000000, 0x0000000784b80000, 0x00000007aab00000)
  object space 77312K, 84% used [0x0000000780000000,0x0000000783f6e590,0x0000000784b80000)
 Metaspace       used 10848K, capacity 10993K, committed 11264K, reserved 1058816K
  class space    used 1175K, capacity 1243K, committed 1280K, reserved 1048576K
Event: 3.446 GC heap after
Heap after GC invocations=8 (full 0):
 PSYoungGen      total 134144K, used 96K [0x00000007aab00000, 0x00000007b3100000, 0x00000007c0000000)
  eden space 131072K, 0% used [0x00000007aab00000,0x00000007aab00000,0x00000007b2b00000)
  from space 3072K, 3% used [0x00000007b2e00000,0x00000007b2e18000,0x00000007b3100000)
  to   space 3072K, 0% used [0x00000007b2b00000,0x00000007b2b00000,0x00000007b2e00000)
 ParOldGen       total 77312K, used 65097K [0x0000000780000000, 0x0000000784b80000, 0x00000007aab00000)
  object space 77312K, 84% used [0x0000000780000000,0x0000000783f92590,0x0000000784b80000)
 Metaspace       used 10848K, capacity 10993K, committed 11264K, reserved 1058816K
  class space    used 1175K, capacity 1243K, committed 1280K, reserved 1048576K
}
Event: 4.048 GC heap before
{Heap before GC invocations=9 (full 0):
 PSYoungGen      total 134144K, used 131168K [0x00000007aab00000, 0x00000007b3100000, 0x00000007c0000000)
  eden space 131072K, 100% used [0x00000007aab00000,0x00000007b2b00000,0x00000007b2b00000)
  from space 3072K, 3% used [0x00000007b2e00000,0x00000007b2e18000,0x00000007b3100000)
  to   space 3072K, 0% used [0x00000007b2b00000,0x00000007b2b00000,0x00000007b2e00000)
 ParOldGen       total 77312K, used 65097K [0x0000000780000000, 0x0000000784b80000, 0x00000007aab00000)
  object space 77312K, 84% used [0x0000000780000000,0x0000000783f92590,0x0000000784b80000)
 Metaspace       used 10860K, capacity 10993K, committed 11264K, reserved 1058816K
  class space    used 1177K, capacity 1243K, committed 1280K, reserved 1048576K
Event: 4.299 GC heap after
Heap after GC invocations=9 (full 0):
 PSYoungGen      total 134144K, used 160K [0x00000007aab00000, 0x00000007b7f00000, 0x00000007c0000000)
  eden space 131072K, 0% used [0x00000007aab00000,0x00000007aab00000,0x00000007b2b00000)
  from space 3072K, 5% used [0x00000007b2b00000,0x00000007b2b28000,0x00000007b2e00000)
  to   space 3584K, 0% used [0x00000007b7b80000,0x00000007b7b80000,0x00000007b7f00000)
 ParOldGen       total 249344K, used 235914K [0x0000000780000000, 0x000000078f380000, 0x00000007aab00000)
  object space 249344K, 94% used [0x0000000780000000,0x000000078e662980,0x000000078f380000)
 Metaspace       used 10860K, capacity 10993K, committed 11264K, reserved 1058816K
  class space    used 1177K, capacity 1243K, committed 1280K, reserved 1048576K
}
Event: 4.303 GC heap before
{Heap before GC invocations=10 (full 1):
 PSYoungGen      total 134144K, used 160K [0x00000007aab00000, 0x00000007b7f00000, 0x00000007c0000000)
  eden space 131072K, 0% used [0x00000007aab00000,0x00000007aab00000,0x00000007b2b00000)
  from space 3072K, 5% used [0x00000007b2b00000,0x00000007b2b28000,0x00000007b2e00000)
  to   space 3584K, 0% used [0x00000007b7b80000,0x00000007b7b80000,0x00000007b7f00000)
 ParOldGen       total 249344K, used 235914K [0x0000000780000000, 0x000000078f380000, 0x00000007aab00000)
  object space 249344K, 94% used [0x0000000780000000,0x000000078e662980,0x000000078f380000)
 Metaspace       used 10860K, capacity 10993K, committed 11264K, reserved 1058816K
  class space    used 1177K, capacity 1243K, committed 1280K, reserved 1048576K
Event: 4.330 GC heap after
Heap after GC invocations=10 (full 1):
 PSYoungGen      total 134144K, used 0K [0x00000007aab00000, 0x00000007b7f00000, 0x00000007c0000000)
  eden space 131072K, 0% used [0x00000007aab00000,0x00000007aab00000,0x00000007b2b00000)
  from space 3072K, 0% used [0x00000007b2b00000,0x00000007b2b00000,0x00000007b2e00000)
  to   space 3584K, 0% used [0x00000007b7b80000,0x00000007b7b80000,0x00000007b7f00000)
 ParOldGen       total 207360K, used 113887K [0x0000000780000000, 0x000000078ca80000, 0x00000007aab00000)
  object space 207360K, 54% used [0x0000000780000000,0x0000000786f37c08,0x000000078ca80000)
 Metaspace       used 10860K, capacity 10993K, committed 11264K, reserved 1058816K
  class space    used 1177K, capacity 1243K, committed 1280K, reserved 1048576K
}
Event: 4.532 GC heap before
{Heap before GC invocations=11 (full 1):
 PSYoungGen      total 134144K, used 131072K [0x00000007aab00000, 0x00000007b7f00000, 0x00000007c0000000)
  eden space 131072K, 100% used [0x00000007aab00000,0x00000007b2b00000,0x00000007b2b00000)
  from space 3072K, 0% used [0x00000007b2b00000,0x00000007b2b00000,0x00000007b2e00000)
  to   space 3584K, 0% used [0x00000007b7b80000,0x00000007b7b80000,0x00000007b7f00000)
 ParOldGen       total 207360K, used 113887K [0x0000000780000000, 0x000000078ca80000, 0x00000007aab00000)
  object space 207360K, 54% used [0x0000000780000000,0x0000000786f37c08,0x000000078ca80000)
 Metaspace       used 10860K, capacity 10993K, committed 11264K, reserved 1058816K
  class space    used 1177K, capacity 1243K, committed 1280K, reserved 1048576K
Event: 4.533 GC heap after
Heap after GC invocations=11 (full 1):
 PSYoungGen      total 204288K, used 0K [0x00000007aab00000, 0x00000007b7c00000, 0x00000007c0000000)
  eden space 203776K, 0% used [0x00000007aab00000,0x00000007aab00000,0x00000007b7200000)
  from space 512K, 0% used [0x00000007b7b80000,0x00000007b7b80000,0x00000007b7c00000)
  to   space 3584K, 0% used [0x00000007b7500000,0x00000007b7500000,0x00000007b7880000)
 ParOldGen       total 207360K, used 113887K [0x0000000780000000, 0x000000078ca80000, 0x00000007aab00000)
  object space 207360K, 54% used [0x0000000780000000,0x0000000786f37c08,0x000000078ca80000)
 Metaspace       used 10860K, capacity 10993K, committed 11264K, reserved 1058816K
  class space    used 1177K, capacity 1243K, committed 1280K, reserved 1048576K
}

