# JRE version: Java(TM) SE Runtime Environment (8.0_45-b14) (build 1.8.0_45-b14)
# Java VM: Java HotSpot(TM) 64-Bit Server VM (25.45-b02 mixed mode bsd-amd64 compressed oops)
Heap:
 PSYoungGen      total 133120K, used 30379K [0x00000007aab00000, 0x00000007b3080000, 0x00000007c0000000)
  eden space 130560K, 23% used [0x00000007aab00000,0x00000007ac85af38,0x00000007b2a80000)
  from space 2560K, 12% used [0x00000007b2d00000,0x00000007b2d50000,0x00000007b2f80000)
  to   space 2560K, 0% used [0x00000007b2a80000,0x00000007b2a80000,0x00000007b2d00000)
 ParOldGen       total 128512K, used 33333K [0x0000000780000000, 0x0000000787d80000, 0x00000007aab00000)
  object space 128512K, 25% used [0x0000000780000000,0x000000078208d618,0x0000000787d80000)
 Metaspace       used 10673K, capacity 10833K, committed 11008K, reserved 1058816K
  class space    used 1128K, capacity 1211K, committed 1280K, reserved 1048576K
GC Heap History (10 events):
Event: 2.054 GC heap before
{Heap before GC invocations=10 (full 3):
 PSYoungGen      total 77824K, used 74912K [0x00000007aab00000, 0x00000007afe00000, 0x00000007c0000000)
  eden space 74752K, 100% used [0x00000007aab00000,0x00000007af400000,0x00000007af400000)
  from space 3072K, 5% used [0x00000007af700000,0x00000007af728000,0x00000007afa00000)
  to   space 3072K, 0% used [0x00000007af400000,0x00000007af400000,0x00000007af700000)
 ParOldGen       total 104960K, used 19564K [0x0000000780000000, 0x0000000786680000, 0x00000007aab00000)
  object space 104960K, 18% used [0x0000000780000000,0x000000078131b170,0x0000000786680000)
 Metaspace       used 10454K, capacity 10641K, committed 10752K, reserved 1058816K
  class space    used 1122K, capacity 1211K, committed 1280K, reserved 1048576K
Event: 2.060 GC heap after
Heap after GC invocations=10 (full 3):
 PSYoungGen      total 77824K, used 300K [0x00000007aab00000, 0x00000007b1a00000, 0x00000007c0000000)
  eden space 74752K, 0% used [0x00000007aab00000,0x00000007aab00000,0x00000007af400000)
  from space 3072K, 9% used [0x00000007af400000,0x00000007af44b1a8,0x00000007af700000)
  to   space 3072K, 0% used [0x00000007b1700000,0x00000007b1700000,0x00000007b1a00000)
 ParOldGen       total 104960K, used 48904K [0x0000000780000000, 0x0000000786680000, 0x00000007aab00000)
  object space 104960K, 46% used [0x0000000780000000,0x0000000782fc21b0,0x0000000786680000)
 Metaspace       used 10454K, capacity 10641K, committed 10752K, reserved 1058816K
  class space    used 1122K, capacity 1211K, committed 1280K, reserved 1048576K
}
Event: 2.279 GC heap before
{Heap before GC invocations=11 (full 3):
 PSYoungGen      total 77824K, used 75052K [0x00000007aab00000, 0x00000007b1a00000, 0x00000007c0000000)
  eden space 74752K, 100% used [0x00000007aab00000,0x00000007af400000,0x00000007af400000)
  from space 3072K, 9% used [0x00000007af400000,0x00000007af44b1a8,0x00000007af700000)
  to   space 3072K, 0% used [0x00000007b1700000,0x00000007b1700000,0x00000007b1a00000)
 ParOldGen       total 104960K, used 48904K [0x0000000780000000, 0x0000000786680000, 0x00000007aab00000)
  object space 104960K, 46% used [0x0000000780000000,0x0000000782fc21b0,0x0000000786680000)
 Metaspace       used 10454K, capacity 10641K, committed 10752K, reserved 1058816K
  class space    used 1122K, capacity 1211K, committed 1280K, reserved 1048576K
Event: 2.281 GC heap after
Heap after GC invocations=11 (full 3):
 PSYoungGen      total 104448K, used 268K [0x00000007aab00000, 0x00000007b1780000, 0x00000007c0000000)
  eden space 103936K, 0% used [0x00000007aab00000,0x00000007aab00000,0x00000007b1080000)
  from space 512K, 52% used [0x00000007b1700000,0x00000007b17431a8,0x00000007b1780000)
  to   space 2560K, 0% used [0x00000007b1280000,0x00000007b1280000,0x00000007b1500000)
 ParOldGen       total 104960K, used 53660K [0x0000000780000000, 0x0000000786680000, 0x00000007aab00000)
  object space 104960K, 51% used [0x0000000780000000,0x00000007834671c0,0x0000000786680000)
 Metaspace       used 10454K, capacity 10641K, committed 10752K, reserved 1058816K
  class space    used 1122K, capacity 1211K, committed 1280K, reserved 1048576K
}
Event: 2.602 GC heap before
{Heap before GC invocations=12 (full 3):
 PSYoungGen      total 104448K, used 103209K [0x00000007aab00000, 0x00000007b1780000, 0x00000007c0000000)
  eden space 103936K, 99% used [0x00000007aab00000,0x00000007b0f87430,0x00000007b1080000)
  from space 512K, 52% used [0x00000007b1700000,0x00000007b17431a8,0x00000007b1780000)
  to   space 2560K, 0% used [0x00000007b1280000,0x00000007b1280000,0x00000007b1500000)
 ParOldGen       total 104960K, used 53660K [0x0000000780000000, 0x0000000786680000, 0x00000007aab00000)
  object space 104960K, 51% used [0x0000000780000000,0x00000007834671c0,0x0000000786680000)
 Metaspace       used 10458K, capacity 10641K, committed 10752K, reserved 1058816K
  class space    used 1122K, capacity 1211K, committed 1280K, reserved 1048576K
Event: 2.616 GC heap after
Heap after GC invocations=12 (full 3):
 PSYoungGen      total 108544K, used 864K [0x00000007aab00000, 0x00000007b2f80000, 0x00000007c0000000)
  eden space 105984K, 0% used [0x00000007aab00000,0x00000007aab00000,0x00000007b1280000)
  from space 2560K, 33% used [0x00000007b1280000,0x00000007b13580d0,0x00000007b1500000)
  to   space 2560K, 0% used [0x00000007b2d00000,0x00000007b2d00000,0x00000007b2f80000)
 ParOldGen       total 104960K, used 91323K [0x0000000780000000, 0x0000000786680000, 0x00000007aab00000)
  object space 104960K, 87% used [0x0000000780000000,0x000000078592ee20,0x0000000786680000)
 Metaspace       used 10458K, capacity 10641K, committed 10752K, reserved 1058816K
  class space    used 1122K, capacity 1211K, committed 1280K, reserved 1048576K
}
Event: 2.616 GC heap before
{Heap before GC invocations=13 (full 4):
 PSYoungGen      total 108544K, used 864K [0x00000007aab00000, 0x00000007b2f80000, 0x00000007c0000000)
  eden space 105984K, 0% used [0x00000007aab00000,0x00000007aab00000,0x00000007b1280000)
  from space 2560K, 33% used [0x00000007b1280000,0x00000007b13580d0,0x00000007b1500000)
  to   space 2560K, 0% used [0x00000007b2d00000,0x00000007b2d00000,0x00000007b2f80000)
 ParOldGen       total 104960K, used 91323K [0x0000000780000000, 0x0000000786680000, 0x00000007aab00000)
  object space 104960K, 87% used [0x0000000780000000,0x000000078592ee20,0x0000000786680000)
 Metaspace       used 10458K, capacity 10641K, committed 10752K, reserved 1058816K
  class space    used 1122K, capacity 1211K, committed 1280K, reserved 1048576K
Event: 2.631 GC heap after
Heap after GC invocations=13 (full 4):
 PSYoungGen      total 108544K, used 0K [0x00000007aab00000, 0x00000007b2f80000, 0x00000007c0000000)
  eden space 105984K, 0% used [0x00000007aab00000,0x00000007aab00000,0x00000007b1280000)
  from space 2560K, 0% used [0x00000007b1280000,0x00000007b1280000,0x00000007b1500000)
  to   space 2560K, 0% used [0x00000007b2d00000,0x00000007b2d00000,0x00000007b2f80000)
 ParOldGen       total 128512K, used 19057K [0x0000000780000000, 0x0000000787d80000, 0x00000007aab00000)
  object space 128512K, 14% used [0x0000000780000000,0x000000078129c5e8,0x0000000787d80000)
 Metaspace       used 10458K, capacity 10641K, committed 10752K, reserved 1058816K
  class space    used 1122K, capacity 1211K, committed 1280K, reserved 1048576K
}
Event: 14749.679 GC heap before
{Heap before GC invocations=14 (full 4):
 PSYoungGen      total 108544K, used 105984K [0x00000007aab00000, 0x00000007b2f80000, 0x00000007c0000000)
  eden space 105984K, 100% used [0x00000007aab00000,0x00000007b1280000,0x00000007b1280000)
  from space 2560K, 0% used [0x00000007b1280000,0x00000007b1280000,0x00000007b1500000)
  to   space 2560K, 0% used [0x00000007b2d00000,0x00000007b2d00000,0x00000007b2f80000)
 ParOldGen       total 128512K, used 19057K [0x0000000780000000, 0x0000000787d80000, 0x00000007aab00000)
  object space 128512K, 14% used [0x0000000780000000,0x000000078129c5e8,0x0000000787d80000)
 Metaspace       used 10658K, capacity 10833K, committed 11008K, reserved 1058816K
  class space    used 1127K, capacity 1211K, committed 1280K, reserved 1048576K
Event: 14749.806 GC heap after
Heap after GC invocations=14 (full 4):
 PSYoungGen      total 133120K, used 320K [0x00000007aab00000, 0x00000007b3080000, 0x00000007c0000000)
  eden space 130560K, 0% used [0x00000007aab00000,0x00000007aab00000,0x00000007b2a80000)
  from space 2560K, 12% used [0x00000007b2d00000,0x00000007b2d50000,0x00000007b2f80000)
  to   space 2560K, 0% used [0x00000007b2a80000,0x00000007b2a80000,0x00000007b2d00000)
 ParOldGen       total 128512K, used 33333K [0x0000000780000000, 0x0000000787d80000, 0x00000007aab00000)
  object space 128512K, 25% used [0x0000000780000000,0x000000078208d618,0x0000000787d80000)
 Metaspace       used 10658K, capacity 10833K, committed 11008K, reserved 1058816K
  class space    used 1127K, capacity 1211K, committed 1280K, reserved 1048576K
}

