# JRE version: Java(TM) SE Runtime Environment (8.0_45-b14) (build 1.8.0_45-b14)
# Java VM: Java HotSpot(TM) 64-Bit Server VM (25.45-b02 mixed mode bsd-amd64 compressed oops)
Heap:
 PSYoungGen      total 122368K, used 31738K [0x00000007aab00000, 0x00000007b5680000, 0x00000007c0000000)
  eden space 102912K, 12% used [0x00000007aab00000,0x00000007ab807a20,0x00000007b0f80000)
  from space 19456K, 94% used [0x00000007b0f80000,0x00000007b2177100,0x00000007b2280000)
  to   space 23040K, 0% used [0x00000007b4000000,0x00000007b4000000,0x00000007b5680000)
 ParOldGen       total 239104K, used 130569K [0x0000000780000000, 0x000000078e980000, 0x00000007aab00000)
  object space 239104K, 54% used [0x0000000780000000,0x0000000787f82558,0x000000078e980000)
 Metaspace       used 11469K, capacity 11613K, committed 11776K, reserved 1060864K
  class space    used 1205K, capacity 1277K, committed 1280K, reserved 1048576K
GC Heap History (10 events):
Event: 3.369 GC heap before
{Heap before GC invocations=12 (full 3):
 PSYoungGen      total 82432K, used 128K [0x00000007aab00000, 0x00000007b1c80000, 0x00000007c0000000)
  eden space 68096K, 0% used [0x00000007aab00000,0x00000007aab00000,0x00000007aed80000)
  from space 14336K, 0% used [0x00000007aed80000,0x00000007aeda0000,0x00000007afb80000)
  to   space 13824K, 0% used [0x00000007b0f00000,0x00000007b0f00000,0x00000007b1c80000)
 ParOldGen       total 240128K, used 235813K [0x0000000780000000, 0x000000078ea80000, 0x00000007aab00000)
  object space 240128K, 98% used [0x0000000780000000,0x000000078e649478,0x000000078ea80000)
 Metaspace       used 10962K, capacity 11121K, committed 11264K, reserved 1058816K
  class space    used 1185K, capacity 1243K, committed 1280K, reserved 1048576K
Event: 3.406 GC heap after
Heap after GC invocations=12 (full 3):
 PSYoungGen      total 82432K, used 0K [0x00000007aab00000, 0x00000007b1c80000, 0x00000007c0000000)
  eden space 68096K, 0% used [0x00000007aab00000,0x00000007aab00000,0x00000007aed80000)
  from space 14336K, 0% used [0x00000007aed80000,0x00000007aed80000,0x00000007afb80000)
  to   space 13824K, 0% used [0x00000007b0f00000,0x00000007b0f00000,0x00000007b1c80000)
 ParOldGen       total 239104K, used 113806K [0x0000000780000000, 0x000000078e980000, 0x00000007aab00000)
  object space 239104K, 47% used [0x0000000780000000,0x0000000786f23928,0x000000078e980000)
 Metaspace       used 10962K, capacity 11121K, committed 11264K, reserved 1058816K
  class space    used 1185K, capacity 1243K, committed 1280K, reserved 1048576K
}
Event: 3.515 GC heap before
{Heap before GC invocations=13 (full 3):
 PSYoungGen      total 82432K, used 68096K [0x00000007aab00000, 0x00000007b1c80000, 0x00000007c0000000)
  eden space 68096K, 100% used [0x00000007aab00000,0x00000007aed80000,0x00000007aed80000)
  from space 14336K, 0% used [0x00000007aed80000,0x00000007aed80000,0x00000007afb80000)
  to   space 13824K, 0% used [0x00000007b0f00000,0x00000007b0f00000,0x00000007b1c80000)
 ParOldGen       total 239104K, used 113806K [0x0000000780000000, 0x000000078e980000, 0x00000007aab00000)
  object space 239104K, 47% used [0x0000000780000000,0x0000000786f23928,0x000000078e980000)
 Metaspace       used 10962K, capacity 11121K, committed 11264K, reserved 1058816K
  class space    used 1185K, capacity 1243K, committed 1280K, reserved 1048576K
Event: 3.516 GC heap after
Heap after GC invocations=13 (full 3):
 PSYoungGen      total 98304K, used 0K [0x00000007aab00000, 0x00000007b1980000, 0x00000007c0000000)
  eden space 87552K, 0% used [0x00000007aab00000,0x00000007aab00000,0x00000007b0080000)
  from space 10752K, 0% used [0x00000007b0f00000,0x00000007b0f00000,0x00000007b1980000)
  to   space 12800K, 0% used [0x00000007b0080000,0x00000007b0080000,0x00000007b0d00000)
 ParOldGen       total 239104K, used 113806K [0x0000000780000000, 0x000000078e980000, 0x00000007aab00000)
  object space 239104K, 47% used [0x0000000780000000,0x0000000786f23928,0x000000078e980000)
 Metaspace       used 10962K, capacity 11121K, committed 11264K, reserved 1058816K
  class space    used 1185K, capacity 1243K, committed 1280K, reserved 1048576K
}
Event: 3.676 GC heap before
{Heap before GC invocations=14 (full 3):
 PSYoungGen      total 98304K, used 87552K [0x00000007aab00000, 0x00000007b1980000, 0x00000007c0000000)
  eden space 87552K, 100% used [0x00000007aab00000,0x00000007b0080000,0x00000007b0080000)
  from space 10752K, 0% used [0x00000007b0f00000,0x00000007b0f00000,0x00000007b1980000)
  to   space 12800K, 0% used [0x00000007b0080000,0x00000007b0080000,0x00000007b0d00000)
 ParOldGen       total 239104K, used 113806K [0x0000000780000000, 0x000000078e980000, 0x00000007aab00000)
  object space 239104K, 47% used [0x0000000780000000,0x0000000786f23928,0x000000078e980000)
 Metaspace       used 10962K, capacity 11121K, committed 11264K, reserved 1058816K
  class space    used 1185K, capacity 1243K, committed 1280K, reserved 1048576K
Event: 3.677 GC heap after
Heap after GC invocations=14 (full 3):
 PSYoungGen      total 100352K, used 0K [0x00000007aab00000, 0x00000007b2e80000, 0x00000007c0000000)
  eden space 87552K, 0% used [0x00000007aab00000,0x00000007aab00000,0x00000007b0080000)
  from space 12800K, 0% used [0x00000007b0080000,0x00000007b0080000,0x00000007b0d00000)
  to   space 12288K, 0% used [0x00000007b2280000,0x00000007b2280000,0x00000007b2e80000)
 ParOldGen       total 239104K, used 113806K [0x0000000780000000, 0x000000078e980000, 0x00000007aab00000)
  object space 239104K, 47% used [0x0000000780000000,0x0000000786f23928,0x000000078e980000)
 Metaspace       used 10962K, capacity 11121K, committed 11264K, reserved 1058816K
  class space    used 1185K, capacity 1243K, committed 1280K, reserved 1048576K
}
Event: 4.149 GC heap before
{Heap before GC invocations=15 (full 3):
 PSYoungGen      total 100352K, used 87552K [0x00000007aab00000, 0x00000007b2e80000, 0x00000007c0000000)
  eden space 87552K, 100% used [0x00000007aab00000,0x00000007b0080000,0x00000007b0080000)
  from space 12800K, 0% used [0x00000007b0080000,0x00000007b0080000,0x00000007b0d00000)
  to   space 12288K, 0% used [0x00000007b2280000,0x00000007b2280000,0x00000007b2e80000)
 ParOldGen       total 239104K, used 113806K [0x0000000780000000, 0x000000078e980000, 0x00000007aab00000)
  object space 239104K, 47% used [0x0000000780000000,0x0000000786f23928,0x000000078e980000)
 Metaspace       used 11049K, capacity 11185K, committed 11264K, reserved 1058816K
  class space    used 1191K, capacity 1243K, committed 1280K, reserved 1048576K
Event: 4.161 GC heap after
Heap after GC invocations=15 (full 3):
 PSYoungGen      total 115200K, used 12256K [0x00000007aab00000, 0x00000007b3c00000, 0x00000007c0000000)
  eden space 102912K, 0% used [0x00000007aab00000,0x00000007aab00000,0x00000007b0f80000)
  from space 12288K, 99% used [0x00000007b2280000,0x00000007b2e780e0,0x00000007b2e80000)
  to   space 19456K, 0% used [0x00000007b0f80000,0x00000007b0f80000,0x00000007b2280000)
 ParOldGen       total 239104K, used 125813K [0x0000000780000000, 0x000000078e980000, 0x00000007aab00000)
  object space 239104K, 52% used [0x0000000780000000,0x0000000787add548,0x000000078e980000)
 Metaspace       used 11049K, capacity 11185K, committed 11264K, reserved 1058816K
  class space    used 1191K, capacity 1243K, committed 1280K, reserved 1048576K
}
Event: 4.515 GC heap before
{Heap before GC invocations=16 (full 3):
 PSYoungGen      total 115200K, used 115168K [0x00000007aab00000, 0x00000007b3c00000, 0x00000007c0000000)
  eden space 102912K, 100% used [0x00000007aab00000,0x00000007b0f80000,0x00000007b0f80000)
  from space 12288K, 99% used [0x00000007b2280000,0x00000007b2e780e0,0x00000007b2e80000)
  to   space 19456K, 0% used [0x00000007b0f80000,0x00000007b0f80000,0x00000007b2280000)
 ParOldGen       total 239104K, used 125813K [0x0000000780000000, 0x000000078e980000, 0x00000007aab00000)
  object space 239104K, 52% used [0x0000000780000000,0x0000000787add548,0x000000078e980000)
 Metaspace       used 11049K, capacity 11185K, committed 11264K, reserved 1058816K
  class space    used 1191K, capacity 1243K, committed 1280K, reserved 1048576K
Event: 4.526 GC heap after
Heap after GC invocations=16 (full 3):
 PSYoungGen      total 122368K, used 18396K [0x00000007aab00000, 0x00000007b5680000, 0x00000007c0000000)
  eden space 102912K, 0% used [0x00000007aab00000,0x00000007aab00000,0x00000007b0f80000)
  from space 19456K, 94% used [0x00000007b0f80000,0x00000007b2177100,0x00000007b2280000)
  to   space 23040K, 0% used [0x00000007b4000000,0x00000007b4000000,0x00000007b5680000)
 ParOldGen       total 239104K, used 130569K [0x0000000780000000, 0x000000078e980000, 0x00000007aab00000)
  object space 239104K, 54% used [0x0000000780000000,0x0000000787f82558,0x000000078e980000)
 Metaspace       used 11049K, capacity 11185K, committed 11264K, reserved 1058816K
  class space    used 1191K, capacity 1243K, committed 1280K, reserved 1048576K
}

