# JRE version: Java(TM) SE Runtime Environment (8.0_45-b14) (build 1.8.0_45-b14)
# Java VM: Java HotSpot(TM) 64-Bit Server VM (25.45-b02 mixed mode bsd-amd64 compressed oops)
Heap:
 PSYoungGen      total 79872K, used 2946K [0x00000007aab00000, 0x00000007b0c00000, 0x00000007c0000000)
  eden space 77824K, 2% used [0x00000007aab00000,0x00000007aad30748,0x00000007af700000)
  from space 2048K, 34% used [0x00000007af700000,0x00000007af7b00d0,0x00000007af900000)
  to   space 2048K, 0% used [0x00000007b0a00000,0x00000007b0a00000,0x00000007b0c00000)
 ParOldGen       total 113664K, used 52589K [0x0000000780000000, 0x0000000786f00000, 0x00000007aab00000)
  object space 113664K, 46% used [0x0000000780000000,0x000000078335b498,0x0000000786f00000)
 Metaspace       used 10635K, capacity 10833K, committed 11008K, reserved 1058816K
  class space    used 1128K, capacity 1211K, committed 1280K, reserved 1048576K
GC Heap History (10 events):
Event: 3.567 GC heap before
{Heap before GC invocations=13 (full 3):
 PSYoungGen      total 53760K, used 51500K [0x00000007aab00000, 0x00000007aed80000, 0x00000007c0000000)
  eden space 51200K, 100% used [0x00000007aab00000,0x00000007add00000,0x00000007add00000)
  from space 2560K, 11% used [0x00000007add00000,0x00000007add4b1a8,0x00000007adf80000)
  to   space 2560K, 0% used [0x00000007aeb00000,0x00000007aeb00000,0x00000007aed80000)
 ParOldGen       total 104448K, used 43390K [0x0000000780000000, 0x0000000786600000, 0x00000007aab00000)
  object space 104448K, 41% used [0x0000000780000000,0x0000000782a5fa08,0x0000000786600000)
 Metaspace       used 10497K, capacity 10705K, committed 11008K, reserved 1058816K
  class space    used 1122K, capacity 1211K, committed 1280K, reserved 1048576K
Event: 3.571 GC heap after
Heap after GC invocations=13 (full 3):
 PSYoungGen      total 65536K, used 268K [0x00000007aab00000, 0x00000007aee00000, 0x00000007c0000000)
  eden space 62976K, 0% used [0x00000007aab00000,0x00000007aab00000,0x00000007ae880000)
  from space 2560K, 10% used [0x00000007aeb00000,0x00000007aeb431a8,0x00000007aed80000)
  to   space 2560K, 0% used [0x00000007ae880000,0x00000007ae880000,0x00000007aeb00000)
 ParOldGen       total 104448K, used 67966K [0x0000000780000000, 0x0000000786600000, 0x00000007aab00000)
  object space 104448K, 65% used [0x0000000780000000,0x000000078425fa38,0x0000000786600000)
 Metaspace       used 10497K, capacity 10705K, committed 11008K, reserved 1058816K
  class space    used 1122K, capacity 1211K, committed 1280K, reserved 1048576K
}
Event: 3.571 GC heap before
{Heap before GC invocations=14 (full 4):
 PSYoungGen      total 65536K, used 268K [0x00000007aab00000, 0x00000007aee00000, 0x00000007c0000000)
  eden space 62976K, 0% used [0x00000007aab00000,0x00000007aab00000,0x00000007ae880000)
  from space 2560K, 10% used [0x00000007aeb00000,0x00000007aeb431a8,0x00000007aed80000)
  to   space 2560K, 0% used [0x00000007ae880000,0x00000007ae880000,0x00000007aeb00000)
 ParOldGen       total 104448K, used 67966K [0x0000000780000000, 0x0000000786600000, 0x00000007aab00000)
  object space 104448K, 65% used [0x0000000780000000,0x000000078425fa38,0x0000000786600000)
 Metaspace       used 10497K, capacity 10705K, committed 11008K, reserved 1058816K
  class space    used 1122K, capacity 1211K, committed 1280K, reserved 1048576K
Event: 3.584 GC heap after
Heap after GC invocations=14 (full 4):
 PSYoungGen      total 65536K, used 0K [0x00000007aab00000, 0x00000007aee00000, 0x00000007c0000000)
  eden space 62976K, 0% used [0x00000007aab00000,0x00000007aab00000,0x00000007ae880000)
  from space 2560K, 0% used [0x00000007aeb00000,0x00000007aeb00000,0x00000007aed80000)
  to   space 2560K, 0% used [0x00000007ae880000,0x00000007ae880000,0x00000007aeb00000)
 ParOldGen       total 113664K, used 14926K [0x0000000780000000, 0x0000000786f00000, 0x00000007aab00000)
  object space 113664K, 13% used [0x0000000780000000,0x0000000780e93838,0x0000000786f00000)
 Metaspace       used 10497K, capacity 10705K, committed 11008K, reserved 1058816K
  class space    used 1122K, capacity 1211K, committed 1280K, reserved 1048576K
}
Event: 3.792 GC heap before
{Heap before GC invocations=15 (full 4):
 PSYoungGen      total 65536K, used 62976K [0x00000007aab00000, 0x00000007aee00000, 0x00000007c0000000)
  eden space 62976K, 100% used [0x00000007aab00000,0x00000007ae880000,0x00000007ae880000)
  from space 2560K, 0% used [0x00000007aeb00000,0x00000007aeb00000,0x00000007aed80000)
  to   space 2560K, 0% used [0x00000007ae880000,0x00000007ae880000,0x00000007aeb00000)
 ParOldGen       total 113664K, used 14926K [0x0000000780000000, 0x0000000786f00000, 0x00000007aab00000)
  object space 113664K, 13% used [0x0000000780000000,0x0000000780e93838,0x0000000786f00000)
 Metaspace       used 10497K, capacity 10705K, committed 11008K, reserved 1058816K
  class space    used 1122K, capacity 1211K, committed 1280K, reserved 1048576K
Event: 3.794 GC heap after
Heap after GC invocations=15 (full 4):
 PSYoungGen      total 65536K, used 128K [0x00000007aab00000, 0x00000007afb80000, 0x00000007c0000000)
  eden space 62976K, 0% used [0x00000007aab00000,0x00000007aab00000,0x00000007ae880000)
  from space 2560K, 5% used [0x00000007ae880000,0x00000007ae8a0000,0x00000007aeb00000)
  to   space 2560K, 0% used [0x00000007af900000,0x00000007af900000,0x00000007afb80000)
 ParOldGen       total 113664K, used 19682K [0x0000000780000000, 0x0000000786f00000, 0x00000007aab00000)
  object space 113664K, 17% used [0x0000000780000000,0x0000000781338848,0x0000000786f00000)
 Metaspace       used 10497K, capacity 10705K, committed 11008K, reserved 1058816K
  class space    used 1122K, capacity 1211K, committed 1280K, reserved 1048576K
}
Event: 4.004 GC heap before
{Heap before GC invocations=16 (full 4):
 PSYoungGen      total 65536K, used 63104K [0x00000007aab00000, 0x00000007afb80000, 0x00000007c0000000)
  eden space 62976K, 100% used [0x00000007aab00000,0x00000007ae880000,0x00000007ae880000)
  from space 2560K, 5% used [0x00000007ae880000,0x00000007ae8a0000,0x00000007aeb00000)
  to   space 2560K, 0% used [0x00000007af900000,0x00000007af900000,0x00000007afb80000)
 ParOldGen       total 113664K, used 19682K [0x0000000780000000, 0x0000000786f00000, 0x00000007aab00000)
  object space 113664K, 17% used [0x0000000780000000,0x0000000781338848,0x0000000786f00000)
 Metaspace       used 10500K, capacity 10705K, committed 11008K, reserved 1058816K
  class space    used 1122K, capacity 1211K, committed 1280K, reserved 1048576K
Event: 4.009 GC heap after
Heap after GC invocations=16 (full 4):
 PSYoungGen      total 79872K, used 768K [0x00000007aab00000, 0x00000007afb00000, 0x00000007c0000000)
  eden space 77824K, 0% used [0x00000007aab00000,0x00000007aab00000,0x00000007af700000)
  from space 2048K, 37% used [0x00000007af900000,0x00000007af9c00d0,0x00000007afb00000)
  to   space 2048K, 0% used [0x00000007af700000,0x00000007af700000,0x00000007af900000)
 ParOldGen       total 113664K, used 47833K [0x0000000780000000, 0x0000000786f00000, 0x00000007aab00000)
  object space 113664K, 42% used [0x0000000780000000,0x0000000782eb6488,0x0000000786f00000)
 Metaspace       used 10500K, capacity 10705K, committed 11008K, reserved 1058816K
  class space    used 1122K, capacity 1211K, committed 1280K, reserved 1048576K
}
Event: 4.282 GC heap before
{Heap before GC invocations=17 (full 4):
 PSYoungGen      total 79872K, used 78592K [0x00000007aab00000, 0x00000007afb00000, 0x00000007c0000000)
  eden space 77824K, 100% used [0x00000007aab00000,0x00000007af700000,0x00000007af700000)
  from space 2048K, 37% used [0x00000007af900000,0x00000007af9c00d0,0x00000007afb00000)
  to   space 2048K, 0% used [0x00000007af700000,0x00000007af700000,0x00000007af900000)
 ParOldGen       total 113664K, used 47833K [0x0000000780000000, 0x0000000786f00000, 0x00000007aab00000)
  object space 113664K, 42% used [0x0000000780000000,0x0000000782eb6488,0x0000000786f00000)
 Metaspace       used 10500K, capacity 10705K, committed 11008K, reserved 1058816K
  class space    used 1122K, capacity 1211K, committed 1280K, reserved 1048576K
Event: 4.286 GC heap after
Heap after GC invocations=17 (full 4):
 PSYoungGen      total 79872K, used 704K [0x00000007aab00000, 0x00000007b0c00000, 0x00000007c0000000)
  eden space 77824K, 0% used [0x00000007aab00000,0x00000007aab00000,0x00000007af700000)
  from space 2048K, 34% used [0x00000007af700000,0x00000007af7b00d0,0x00000007af900000)
  to   space 2048K, 0% used [0x00000007b0a00000,0x00000007b0a00000,0x00000007b0c00000)
 ParOldGen       total 113664K, used 52589K [0x0000000780000000, 0x0000000786f00000, 0x00000007aab00000)
  object space 113664K, 46% used [0x0000000780000000,0x000000078335b498,0x0000000786f00000)
 Metaspace       used 10500K, capacity 10705K, committed 11008K, reserved 1058816K
  class space    used 1122K, capacity 1211K, committed 1280K, reserved 1048576K
}

